<?xml version="1.0" encoding="utf-8"?>
<!DOCTYPE coverage
  SYSTEM 'http://cobertura.sourceforge.net/xml/coverage-04.dtd'>
<coverage branch-rate="0.5" branches-covered="1" branches-valid="2" complexity="0" line-rate="0.5" lines-covered="1" lines-valid="2" timestamp="1346815648000" version="2.0.3">
	<sources>
		<source>.</source>
	</sources>
	<packages>
		<package branch-rate="0.5" complexity="0" line-rate="0.5" name="foo">
			<classes>
				<class branch-rate="0.5" complexity="0" filename="Bar" line-rate="0.5" name="file.ext">
					<methods>
						<method branch-rate="1.0" line-rate="1.0" name="(anonymous_1)" signature="">
							<lines>
								<line branch="false" hits="1" number="1"/>
							</lines>
						</method>
						<method branch-rate="0.0" line-rate="0.0" name="namedFn" signature="">
							<lines>
								<line branch="false" hits="0" number="2"/>
							</lines>
						</method>
					</methods>
					<lines>
						<line branch="true" condition-coverage="50% (1/2)" hits="1" number="1"/>
						<line branch="false" hits="0" number="2"/>
					</lines>
				</class>
			</classes>
		</package>
	</packages>
</coverage>
